2018-02-22 20:26:44,355:INFO: Loading the datasets...
2018-02-22 20:26:44,366:INFO: - done.
2018-02-22 20:26:49,862:INFO: Starting training for 10 epoch(s)
2018-02-22 20:26:49,863:INFO: Epoch 1/10
2018-02-22 20:26:58,637:INFO: - Train metrics: accuracy: 0.000 ; loss: 1.890
2018-02-22 20:27:03,571:INFO: - Eval metrics : accuracy: 0.000 ; loss: 0.021
2018-02-22 20:27:03,850:INFO: - Found new best accuracy
2018-02-22 20:27:03,860:INFO: Epoch 2/10
2018-02-22 20:27:10,363:INFO: - Train metrics: accuracy: 0.000 ; loss: -0.004
2018-02-22 20:27:15,550:INFO: - Eval metrics : accuracy: 0.000 ; loss: 0.009
2018-02-22 20:27:15,836:INFO: - Found new best accuracy
2018-02-22 20:27:15,851:INFO: Epoch 3/10
2018-02-22 20:27:22,346:INFO: - Train metrics: accuracy: 0.000 ; loss: 0.000
2018-02-22 20:27:27,318:INFO: - Eval metrics : accuracy: 0.000 ; loss: 0.003
2018-02-22 20:27:27,549:INFO: - Found new best accuracy
2018-02-22 20:27:27,561:INFO: Epoch 4/10
2018-02-22 20:27:34,000:INFO: - Train metrics: accuracy: 0.000 ; loss: 0.001
2018-02-22 20:27:39,129:INFO: - Eval metrics : accuracy: 0.000 ; loss: 0.011
2018-02-22 20:27:39,377:INFO: - Found new best accuracy
2018-02-22 20:27:39,388:INFO: Epoch 5/10
2018-02-22 20:27:46,440:INFO: - Train metrics: accuracy: 0.000 ; loss: 0.002
2018-02-22 20:27:51,525:INFO: - Eval metrics : accuracy: 0.000 ; loss: 0.005
2018-02-22 20:27:51,913:INFO: - Found new best accuracy
2018-02-22 20:27:51,929:INFO: Epoch 6/10
2018-02-22 20:27:58,172:INFO: - Train metrics: accuracy: 0.000 ; loss: 0.001
2018-02-22 20:28:04,202:INFO: - Eval metrics : accuracy: 0.000 ; loss: 0.002
2018-02-22 20:28:04,513:INFO: - Found new best accuracy
2018-02-22 20:28:04,533:INFO: Epoch 7/10
2018-02-22 20:28:12,378:INFO: - Train metrics: accuracy: 0.000 ; loss: 0.000
2018-02-22 20:28:18,001:INFO: - Eval metrics : accuracy: 0.000 ; loss: 0.006
2018-02-22 20:28:18,298:INFO: - Found new best accuracy
2018-02-22 20:28:18,310:INFO: Epoch 8/10
2018-02-22 20:28:26,306:INFO: - Train metrics: accuracy: 0.000 ; loss: 0.000
2018-02-22 20:28:31,313:INFO: - Eval metrics : accuracy: 0.000 ; loss: -0.012
2018-02-22 20:28:31,584:INFO: - Found new best accuracy
2018-02-22 20:28:31,594:INFO: Epoch 9/10
2018-02-22 20:28:38,276:INFO: - Train metrics: accuracy: 0.000 ; loss: 0.000
2018-02-22 20:28:42,888:INFO: - Eval metrics : accuracy: 0.000 ; loss: -0.006
2018-02-22 20:28:43,092:INFO: - Found new best accuracy
2018-02-22 20:28:43,107:INFO: Epoch 10/10
2018-02-22 20:28:48,584:INFO: - Train metrics: accuracy: 0.000 ; loss: 0.000
2018-02-22 20:28:53,119:INFO: - Eval metrics : accuracy: 0.000 ; loss: -0.002
2018-02-22 20:28:53,356:INFO: - Found new best accuracy
2018-02-22 21:08:49,883:INFO: Loading the datasets...
2018-02-22 21:08:49,901:INFO: - done.
2018-02-22 21:08:55,720:INFO: Starting training for 10 epoch(s)
2018-02-22 21:08:55,720:INFO: Epoch 1/10
2018-02-22 21:09:04,601:INFO: - Train metrics: accuracy: 0.000 ; loss: 1.898
2018-02-22 21:09:09,738:INFO: - Eval metrics : accuracy: 0.000 ; loss: 0.053
2018-02-22 21:09:09,939:INFO: - Found new best accuracy
2018-02-22 21:09:09,985:INFO: Epoch 2/10
2018-02-22 21:09:15,943:INFO: - Train metrics: accuracy: 0.000 ; loss: -0.015
2018-02-22 21:09:20,933:INFO: - Eval metrics : accuracy: 0.000 ; loss: 0.072
2018-02-22 21:09:21,128:INFO: - Found new best accuracy
2018-02-22 21:09:21,153:INFO: Epoch 3/10
2018-02-22 21:09:27,401:INFO: - Train metrics: accuracy: 0.000 ; loss: 0.001
2018-02-22 21:09:33,439:INFO: - Eval metrics : accuracy: 0.000 ; loss: 0.074
2018-02-22 21:09:33,670:INFO: - Found new best accuracy
2018-02-22 21:09:33,679:INFO: Epoch 4/10
2018-02-22 21:09:40,843:INFO: - Train metrics: accuracy: 0.000 ; loss: 0.005
2018-02-22 21:09:46,438:INFO: - Eval metrics : accuracy: 0.000 ; loss: 0.071
2018-02-22 21:09:46,719:INFO: - Found new best accuracy
2018-02-22 21:09:46,731:INFO: Epoch 5/10
2018-02-22 21:09:53,624:INFO: - Train metrics: accuracy: 0.000 ; loss: 0.003
2018-02-22 21:09:58,916:INFO: - Eval metrics : accuracy: 0.000 ; loss: 0.072
2018-02-22 21:09:59,163:INFO: - Found new best accuracy
2018-02-22 21:09:59,178:INFO: Epoch 6/10
2018-02-22 21:10:06,726:INFO: - Train metrics: accuracy: 0.000 ; loss: 0.000
2018-02-22 21:10:12,353:INFO: - Eval metrics : accuracy: 0.000 ; loss: 0.067
2018-02-22 21:10:12,651:INFO: - Found new best accuracy
2018-02-22 21:10:12,659:INFO: Epoch 7/10
2018-02-22 21:10:20,078:INFO: - Train metrics: accuracy: 0.000 ; loss: 0.001
2018-02-22 21:10:26,174:INFO: - Eval metrics : accuracy: 0.000 ; loss: 0.061
2018-02-22 21:10:26,474:INFO: - Found new best accuracy
2018-02-22 21:10:26,491:INFO: Epoch 8/10
2018-02-22 21:10:34,434:INFO: - Train metrics: accuracy: 0.000 ; loss: 0.000
2018-02-22 21:10:42,212:INFO: - Eval metrics : accuracy: 0.000 ; loss: 0.056
2018-02-22 21:10:42,536:INFO: - Found new best accuracy
2018-02-22 21:10:42,548:INFO: Epoch 9/10
2018-02-22 21:10:50,967:INFO: - Train metrics: accuracy: 0.000 ; loss: 0.000
2018-02-22 21:10:56,836:INFO: - Eval metrics : accuracy: 0.000 ; loss: 0.055
2018-02-22 21:10:57,142:INFO: - Found new best accuracy
2018-02-22 21:10:57,154:INFO: Epoch 10/10
2018-02-22 21:11:04,036:INFO: - Train metrics: accuracy: 0.000 ; loss: 0.000
2018-02-22 21:11:09,787:INFO: - Eval metrics : accuracy: 0.000 ; loss: 0.052
2018-02-22 21:11:10,071:INFO: - Found new best accuracy
2018-02-22 22:39:19,425:INFO: Loading the datasets...
2018-02-22 22:39:19,442:INFO: - done.
2018-02-22 22:39:25,148:INFO: Starting training for 10 epoch(s)
2018-02-22 22:39:25,149:INFO: Epoch 1/10
2018-02-22 22:39:34,178:INFO: - Train metrics: accuracy: 0.000 ; loss: 1.901
2018-02-22 22:39:39,882:INFO: - Eval metrics : accuracy: 0.000 ; loss: 0.003
2018-02-22 22:39:40,154:INFO: - Found new best accuracy
2018-02-22 22:39:40,163:INFO: Epoch 2/10
2018-02-22 22:39:46,688:INFO: - Train metrics: accuracy: 0.000 ; loss: -0.001
2018-02-22 22:39:52,426:INFO: - Eval metrics : accuracy: 0.000 ; loss: -0.016
2018-02-22 22:39:52,682:INFO: - Found new best accuracy
2018-02-22 22:39:52,692:INFO: Epoch 3/10
2018-02-22 22:39:59,083:INFO: - Train metrics: accuracy: 0.000 ; loss: 0.000
2018-02-22 22:40:04,398:INFO: - Eval metrics : accuracy: 0.000 ; loss: -0.008
2018-02-22 22:40:04,663:INFO: - Found new best accuracy
2018-02-22 22:40:04,676:INFO: Epoch 4/10
2018-02-22 22:40:11,299:INFO: - Train metrics: accuracy: 0.000 ; loss: 0.005
2018-02-22 22:40:16,397:INFO: - Eval metrics : accuracy: 0.000 ; loss: 0.008
2018-02-22 22:40:16,669:INFO: - Found new best accuracy
2018-02-22 22:40:16,684:INFO: Epoch 5/10
2018-02-22 22:40:23,145:INFO: - Train metrics: accuracy: 0.000 ; loss: 0.002
2018-02-22 22:40:28,363:INFO: - Eval metrics : accuracy: 0.000 ; loss: 0.016
2018-02-22 22:40:28,637:INFO: - Found new best accuracy
2018-02-22 22:40:28,650:INFO: Epoch 6/10
2018-02-22 22:40:35,098:INFO: - Train metrics: accuracy: 0.000 ; loss: 0.000
2018-02-22 22:40:40,721:INFO: - Eval metrics : accuracy: 0.000 ; loss: 0.011
2018-02-22 22:40:40,987:INFO: - Found new best accuracy
2018-02-22 22:40:41,003:INFO: Epoch 7/10
2018-02-22 22:40:47,523:INFO: - Train metrics: accuracy: 0.000 ; loss: 0.000
2018-02-22 22:40:53,521:INFO: - Eval metrics : accuracy: 0.000 ; loss: 0.010
2018-02-22 22:40:53,805:INFO: - Found new best accuracy
2018-02-22 22:40:53,841:INFO: Epoch 8/10
2018-02-22 22:41:01,238:INFO: - Train metrics: accuracy: 0.000 ; loss: 0.000
2018-02-22 22:41:06,971:INFO: - Eval metrics : accuracy: 0.000 ; loss: 0.009
2018-02-22 22:41:07,307:INFO: - Found new best accuracy
2018-02-22 22:41:07,323:INFO: Epoch 9/10
2018-02-22 22:41:14,084:INFO: - Train metrics: accuracy: 0.000 ; loss: 0.000
2018-02-22 22:41:19,715:INFO: - Eval metrics : accuracy: 0.000 ; loss: 0.002
2018-02-22 22:41:20,017:INFO: - Found new best accuracy
2018-02-22 22:41:20,027:INFO: Epoch 10/10
2018-02-22 22:47:44,631:INFO: Loading the datasets...
2018-02-22 22:47:44,647:INFO: - done.
2018-02-22 22:47:51,756:INFO: Starting training for 10 epoch(s)
2018-02-22 22:47:51,757:INFO: Epoch 1/10
2018-02-22 22:48:01,451:INFO: - Train metrics: accuracy: 0.000 ; loss: 1.806
2018-02-22 22:48:08,262:INFO: - Eval metrics : accuracy: 0.000 ; loss: 0.092
2018-02-22 22:48:08,533:INFO: - Found new best accuracy
2018-02-22 22:48:08,543:INFO: Epoch 2/10
2018-02-22 22:48:15,600:INFO: - Train metrics: accuracy: 0.000 ; loss: -0.008
2018-02-22 22:48:21,651:INFO: - Eval metrics : accuracy: 0.000 ; loss: 0.051
2018-02-22 22:48:21,919:INFO: - Found new best accuracy
2018-02-22 22:48:21,931:INFO: Epoch 3/10
2018-02-22 22:48:29,269:INFO: - Train metrics: accuracy: 0.000 ; loss: 0.002
2018-02-22 22:48:34,834:INFO: - Eval metrics : accuracy: 0.000 ; loss: 0.045
2018-02-22 22:48:35,109:INFO: - Found new best accuracy
2018-02-22 22:48:35,124:INFO: Epoch 4/10
2018-02-22 22:48:42,563:INFO: - Train metrics: accuracy: 0.000 ; loss: 0.001
2018-02-22 22:48:48,747:INFO: - Eval metrics : accuracy: 0.000 ; loss: 0.069
2018-02-22 22:48:49,012:INFO: - Found new best accuracy
2018-02-22 22:48:49,029:INFO: Epoch 5/10
2018-02-22 22:48:57,361:INFO: - Train metrics: accuracy: 0.000 ; loss: 0.000
2018-02-22 22:49:03,478:INFO: - Eval metrics : accuracy: 0.000 ; loss: 0.040
2018-02-22 22:49:03,807:INFO: - Found new best accuracy
2018-02-22 22:49:03,827:INFO: Epoch 6/10
2018-02-22 22:49:11,729:INFO: - Train metrics: accuracy: 0.000 ; loss: 0.000
2018-02-22 22:49:17,951:INFO: - Eval metrics : accuracy: 0.000 ; loss: 0.034
2018-02-22 22:49:18,248:INFO: - Found new best accuracy
2018-02-22 22:49:18,266:INFO: Epoch 7/10
2018-02-22 22:49:25,732:INFO: - Train metrics: accuracy: 0.000 ; loss: 0.000
2018-02-22 22:49:31,510:INFO: - Eval metrics : accuracy: 0.000 ; loss: 0.197
2018-02-22 22:49:31,765:INFO: - Found new best accuracy
2018-02-22 22:49:31,773:INFO: Epoch 8/10
2018-02-22 22:49:38,321:INFO: - Train metrics: accuracy: 0.000 ; loss: 0.000
2018-02-22 22:49:44,091:INFO: - Eval metrics : accuracy: 0.000 ; loss: 0.089
2018-02-22 22:49:44,310:INFO: - Found new best accuracy
2018-02-22 22:49:44,321:INFO: Epoch 9/10
2018-02-22 22:49:51,584:INFO: - Train metrics: accuracy: 0.000 ; loss: 0.000
2018-02-22 22:49:58,219:INFO: - Eval metrics : accuracy: 0.000 ; loss: 0.058
2018-02-22 22:49:58,529:INFO: - Found new best accuracy
2018-02-22 22:49:58,552:INFO: Epoch 10/10
2018-02-22 22:50:06,800:INFO: - Train metrics: accuracy: 0.000 ; loss: 0.000
2018-02-22 22:50:14,371:INFO: - Eval metrics : accuracy: 0.000 ; loss: 0.060
2018-02-22 22:50:14,610:INFO: - Found new best accuracy
2018-02-22 23:04:08,312:INFO: Loading the datasets...
2018-02-22 23:04:08,321:INFO: - done.
2018-02-22 23:04:13,062:INFO: Starting training for 10 epoch(s)
2018-02-22 23:04:13,063:INFO: Epoch 1/10
2018-02-22 23:04:20,263:INFO: - Train metrics: accuracy: 0.094 ; loss: 1.933
2018-02-22 23:04:24,769:INFO: - Eval metrics : accuracy: 0.193 ; loss: 1.955
2018-02-22 23:04:24,939:INFO: - Found new best accuracy
2018-02-22 23:04:24,961:INFO: Epoch 2/10
2018-02-22 23:04:30,883:INFO: - Train metrics: accuracy: 0.531 ; loss: 1.328
2018-02-22 23:04:35,462:INFO: - Eval metrics : accuracy: 0.238 ; loss: 5.012
2018-02-22 23:04:35,661:INFO: - Found new best accuracy
2018-02-22 23:04:35,671:INFO: Epoch 3/10
2018-02-22 23:04:41,529:INFO: - Train metrics: accuracy: 0.625 ; loss: 0.900
2018-02-22 23:04:46,369:INFO: - Eval metrics : accuracy: 0.433 ; loss: 2.258
2018-02-22 23:04:46,607:INFO: - Found new best accuracy
2018-02-22 23:04:46,619:INFO: Epoch 4/10
2018-02-22 23:04:52,626:INFO: - Train metrics: accuracy: 0.625 ; loss: 0.906
2018-02-22 23:04:57,516:INFO: - Eval metrics : accuracy: 0.298 ; loss: 2.374
2018-02-22 23:04:57,667:INFO: Epoch 5/10
2018-02-22 23:05:03,676:INFO: - Train metrics: accuracy: 0.812 ; loss: 0.595
2018-02-22 23:05:08,257:INFO: - Eval metrics : accuracy: 0.354 ; loss: 1.766
2018-02-22 23:05:08,424:INFO: Epoch 6/10
2018-02-22 23:05:14,440:INFO: - Train metrics: accuracy: 0.906 ; loss: 0.488
2018-02-22 23:05:18,840:INFO: - Eval metrics : accuracy: 0.513 ; loss: 1.759
2018-02-22 23:05:19,031:INFO: - Found new best accuracy
2018-02-22 23:05:19,057:INFO: Epoch 7/10
2018-02-22 23:05:25,007:INFO: - Train metrics: accuracy: 0.812 ; loss: 0.552
2018-02-22 23:05:29,414:INFO: - Eval metrics : accuracy: 0.339 ; loss: 3.254
2018-02-22 23:05:29,563:INFO: Epoch 8/10
2018-02-22 23:05:35,539:INFO: - Train metrics: accuracy: 0.938 ; loss: 0.297
2018-02-22 23:05:40,028:INFO: - Eval metrics : accuracy: 0.414 ; loss: 4.381
2018-02-22 23:05:40,217:INFO: Epoch 9/10
2018-02-22 23:05:46,162:INFO: - Train metrics: accuracy: 0.719 ; loss: 0.595
2018-02-22 23:05:50,893:INFO: - Eval metrics : accuracy: 0.391 ; loss: 2.376
2018-02-22 23:05:51,093:INFO: Epoch 10/10
2018-02-22 23:05:57,063:INFO: - Train metrics: accuracy: 0.875 ; loss: 0.367
2018-02-22 23:06:01,413:INFO: - Eval metrics : accuracy: 0.247 ; loss: 7.397
