2018-02-22 20:22:30,649:INFO: Loading the datasets...
2018-02-22 20:22:30,669:INFO: - done.
2018-02-22 20:22:35,722:INFO: Starting training for 10 epoch(s)
2018-02-22 20:22:35,723:INFO: Epoch 1/10
2018-02-22 20:22:43,570:INFO: - Train metrics: accuracy: 0.000 ; loss: 1.843
2018-02-22 20:22:47,965:INFO: - Eval metrics : accuracy: 0.000 ; loss: 1.289
2018-02-22 20:22:48,177:INFO: - Found new best accuracy
2018-02-22 20:22:48,200:INFO: Epoch 2/10
2018-02-22 20:22:54,012:INFO: - Train metrics: accuracy: 0.000 ; loss: 1.506
2018-02-22 20:22:58,384:INFO: - Eval metrics : accuracy: 0.000 ; loss: 1.450
2018-02-22 20:22:58,626:INFO: - Found new best accuracy
2018-02-22 20:22:58,636:INFO: Epoch 3/10
2018-02-22 20:23:04,541:INFO: - Train metrics: accuracy: 0.000 ; loss: 1.612
2018-02-22 20:23:09,049:INFO: - Eval metrics : accuracy: 0.000 ; loss: 1.462
2018-02-22 20:23:09,289:INFO: - Found new best accuracy
2018-02-22 20:23:09,300:INFO: Epoch 4/10
2018-02-22 20:23:14,830:INFO: - Train metrics: accuracy: 0.000 ; loss: 1.447
2018-02-22 20:23:19,311:INFO: - Eval metrics : accuracy: 0.000 ; loss: 1.374
2018-02-22 20:23:19,507:INFO: - Found new best accuracy
2018-02-22 20:23:19,524:INFO: Epoch 5/10
2018-02-22 20:23:25,287:INFO: - Train metrics: accuracy: 0.000 ; loss: 1.550
2018-02-22 20:23:29,772:INFO: - Eval metrics : accuracy: 0.000 ; loss: 1.225
2018-02-22 20:23:30,014:INFO: - Found new best accuracy
2018-02-22 20:23:30,024:INFO: Epoch 6/10
2018-02-22 20:23:35,704:INFO: - Train metrics: accuracy: 0.000 ; loss: 1.452
2018-02-22 20:23:40,182:INFO: - Eval metrics : accuracy: 0.000 ; loss: 1.150
2018-02-22 20:23:40,358:INFO: - Found new best accuracy
2018-02-22 20:23:40,394:INFO: Epoch 7/10
2018-02-22 20:23:46,150:INFO: - Train metrics: accuracy: 0.000 ; loss: 1.292
2018-02-22 20:23:50,646:INFO: - Eval metrics : accuracy: 0.000 ; loss: 1.078
2018-02-22 20:23:50,852:INFO: - Found new best accuracy
2018-02-22 20:23:50,866:INFO: Epoch 8/10
2018-02-22 20:23:56,488:INFO: - Train metrics: accuracy: 0.000 ; loss: 1.225
2018-02-22 20:24:00,800:INFO: - Eval metrics : accuracy: 0.000 ; loss: 0.997
2018-02-22 20:24:01,060:INFO: - Found new best accuracy
2018-02-22 20:24:01,096:INFO: Epoch 9/10
2018-02-22 20:24:07,202:INFO: - Train metrics: accuracy: 0.000 ; loss: 1.059
2018-02-22 20:24:11,789:INFO: - Eval metrics : accuracy: 0.000 ; loss: 0.917
2018-02-22 20:24:12,003:INFO: - Found new best accuracy
2018-02-22 20:24:12,026:INFO: Epoch 10/10
2018-02-22 20:24:17,643:INFO: - Train metrics: accuracy: 0.000 ; loss: 1.020
2018-02-22 20:24:22,264:INFO: - Eval metrics : accuracy: 0.000 ; loss: 0.833
2018-02-22 20:24:22,507:INFO: - Found new best accuracy
2018-02-22 21:03:43,337:INFO: Loading the datasets...
2018-02-22 21:03:43,350:INFO: - done.
2018-02-22 21:03:48,531:INFO: Starting training for 10 epoch(s)
2018-02-22 21:03:48,532:INFO: Epoch 1/10
2018-02-22 21:03:58,504:INFO: - Train metrics: accuracy: 0.000 ; loss: 1.899
2018-02-22 21:04:05,256:INFO: - Eval metrics : accuracy: 0.000 ; loss: 1.450
2018-02-22 21:04:05,561:INFO: - Found new best accuracy
2018-02-22 21:04:05,575:INFO: Epoch 2/10
2018-02-22 21:04:13,457:INFO: - Train metrics: accuracy: 0.000 ; loss: 1.544
2018-02-22 21:04:19,188:INFO: - Eval metrics : accuracy: 0.000 ; loss: 1.515
2018-02-22 21:04:19,473:INFO: - Found new best accuracy
2018-02-22 21:04:19,486:INFO: Epoch 3/10
2018-02-22 21:04:28,341:INFO: - Train metrics: accuracy: 0.000 ; loss: 1.608
2018-02-22 21:04:34,301:INFO: - Eval metrics : accuracy: 0.000 ; loss: 1.471
2018-02-22 21:04:34,667:INFO: - Found new best accuracy
2018-02-22 21:04:34,693:INFO: Epoch 4/10
2018-02-22 21:04:42,315:INFO: - Train metrics: accuracy: 0.000 ; loss: 1.633
2018-02-22 21:04:47,849:INFO: - Eval metrics : accuracy: 0.000 ; loss: 1.364
2018-02-22 21:04:48,124:INFO: - Found new best accuracy
2018-02-22 21:04:48,135:INFO: Epoch 5/10
2018-02-22 21:04:55,229:INFO: - Train metrics: accuracy: 0.000 ; loss: 1.579
2018-02-22 21:05:02,993:INFO: - Eval metrics : accuracy: 0.000 ; loss: 1.231
2018-02-22 21:05:03,371:INFO: - Found new best accuracy
2018-02-22 21:05:03,386:INFO: Epoch 6/10
2018-02-22 21:05:11,284:INFO: - Train metrics: accuracy: 0.000 ; loss: 1.345
2018-02-22 21:05:16,648:INFO: - Eval metrics : accuracy: 0.000 ; loss: 1.182
2018-02-22 21:05:17,066:INFO: - Found new best accuracy
2018-02-22 21:05:17,083:INFO: Epoch 7/10
2018-02-22 21:05:24,586:INFO: - Train metrics: accuracy: 0.000 ; loss: 1.320
2018-02-22 21:05:31,587:INFO: - Eval metrics : accuracy: 0.000 ; loss: 1.085
2018-02-22 21:05:31,997:INFO: - Found new best accuracy
2018-02-22 21:05:32,076:INFO: Epoch 8/10
2018-02-22 21:05:40,189:INFO: - Train metrics: accuracy: 0.000 ; loss: 1.177
2018-02-22 21:05:46,831:INFO: - Eval metrics : accuracy: 0.000 ; loss: 0.998
2018-02-22 21:05:47,251:INFO: - Found new best accuracy
2018-02-22 21:05:47,286:INFO: Epoch 9/10
2018-02-22 21:05:55,655:INFO: - Train metrics: accuracy: 0.000 ; loss: 0.945
2018-02-22 21:06:01,811:INFO: - Eval metrics : accuracy: 0.000 ; loss: 0.930
2018-02-22 21:06:02,074:INFO: - Found new best accuracy
2018-02-22 21:06:02,083:INFO: Epoch 10/10
2018-02-22 21:06:09,859:INFO: - Train metrics: accuracy: 0.000 ; loss: 1.017
2018-02-22 21:06:15,697:INFO: - Eval metrics : accuracy: 0.000 ; loss: 0.828
2018-02-22 21:06:15,969:INFO: - Found new best accuracy
2018-02-22 22:34:43,274:INFO: Loading the datasets...
2018-02-22 22:34:43,300:INFO: - done.
2018-02-22 22:34:48,341:INFO: Starting training for 10 epoch(s)
2018-02-22 22:34:48,342:INFO: Epoch 1/10
2018-02-22 22:34:55,862:INFO: - Train metrics: accuracy: 0.000 ; loss: 1.801
2018-02-22 22:35:00,562:INFO: - Eval metrics : accuracy: 0.000 ; loss: 1.290
2018-02-22 22:35:00,786:INFO: - Found new best accuracy
2018-02-22 22:35:00,796:INFO: Epoch 2/10
2018-02-22 22:35:06,912:INFO: - Train metrics: accuracy: 0.000 ; loss: 1.554
2018-02-22 22:35:11,369:INFO: - Eval metrics : accuracy: 0.000 ; loss: 1.442
2018-02-22 22:35:11,580:INFO: - Found new best accuracy
2018-02-22 22:35:11,607:INFO: Epoch 3/10
2018-02-22 22:35:17,636:INFO: - Train metrics: accuracy: 0.000 ; loss: 1.595
2018-02-22 22:35:23,477:INFO: - Eval metrics : accuracy: 0.000 ; loss: 1.458
2018-02-22 22:35:23,777:INFO: - Found new best accuracy
2018-02-22 22:35:23,790:INFO: Epoch 4/10
2018-02-22 22:35:30,467:INFO: - Train metrics: accuracy: 0.000 ; loss: 1.483
2018-02-22 22:35:36,562:INFO: - Eval metrics : accuracy: 0.000 ; loss: 1.323
2018-02-22 22:35:36,888:INFO: - Found new best accuracy
2018-02-22 22:35:36,903:INFO: Epoch 5/10
2018-02-22 22:35:45,305:INFO: - Train metrics: accuracy: 0.000 ; loss: 1.514
2018-02-22 22:35:51,184:INFO: - Eval metrics : accuracy: 0.000 ; loss: 1.256
2018-02-22 22:35:51,475:INFO: - Found new best accuracy
2018-02-22 22:35:51,489:INFO: Epoch 6/10
2018-02-22 22:35:59,160:INFO: - Train metrics: accuracy: 0.000 ; loss: 1.331
2018-02-22 22:36:05,347:INFO: - Eval metrics : accuracy: 0.000 ; loss: 1.153
2018-02-22 22:36:05,605:INFO: - Found new best accuracy
2018-02-22 22:36:05,617:INFO: Epoch 7/10
2018-02-22 22:36:12,778:INFO: - Train metrics: accuracy: 0.000 ; loss: 1.280
2018-02-22 22:36:18,267:INFO: - Eval metrics : accuracy: 0.000 ; loss: 1.104
2018-02-22 22:36:18,528:INFO: - Found new best accuracy
2018-02-22 22:36:18,543:INFO: Epoch 8/10
2018-02-22 22:36:25,600:INFO: - Train metrics: accuracy: 0.000 ; loss: 1.168
2018-02-22 22:36:30,713:INFO: - Eval metrics : accuracy: 0.000 ; loss: 1.017
2018-02-22 22:36:31,000:INFO: - Found new best accuracy
2018-02-22 22:36:31,033:INFO: Epoch 9/10
2018-02-22 22:36:39,059:INFO: - Train metrics: accuracy: 0.000 ; loss: 1.096
2018-02-22 22:36:44,996:INFO: - Eval metrics : accuracy: 0.000 ; loss: 0.916
2018-02-22 22:36:45,298:INFO: - Found new best accuracy
2018-02-22 22:36:45,308:INFO: Epoch 10/10
2018-02-22 22:36:52,744:INFO: - Train metrics: accuracy: 0.000 ; loss: 1.008
2018-02-22 22:36:58,379:INFO: - Eval metrics : accuracy: 0.000 ; loss: 0.858
2018-02-22 22:36:58,585:INFO: - Found new best accuracy
2018-02-22 22:42:23,293:INFO: Loading the datasets...
2018-02-22 22:42:23,308:INFO: - done.
2018-02-22 22:42:29,928:INFO: Starting training for 10 epoch(s)
2018-02-22 22:42:29,930:INFO: Epoch 1/10
2018-02-22 22:42:40,317:INFO: - Train metrics: accuracy: 0.000 ; loss: 1.916
2018-02-22 22:42:46,467:INFO: - Eval metrics : accuracy: 0.000 ; loss: 1.334
2018-02-22 22:42:46,972:INFO: - Found new best accuracy
2018-02-22 22:42:47,005:INFO: Epoch 2/10
2018-02-22 22:42:53,421:INFO: - Train metrics: accuracy: 0.000 ; loss: 1.530
2018-02-22 22:42:58,497:INFO: - Eval metrics : accuracy: 0.000 ; loss: 1.499
2018-02-22 22:42:58,871:INFO: - Found new best accuracy
2018-02-22 22:42:58,891:INFO: Epoch 3/10
2018-02-22 22:43:07,920:INFO: - Train metrics: accuracy: 0.000 ; loss: 1.639
2018-02-22 22:43:14,042:INFO: - Eval metrics : accuracy: 0.000 ; loss: 1.432
2018-02-22 22:43:14,288:INFO: - Found new best accuracy
2018-02-22 22:43:14,301:INFO: Epoch 4/10
2018-02-22 22:43:21,294:INFO: - Train metrics: accuracy: 0.000 ; loss: 1.603
2018-02-22 22:43:28,269:INFO: - Eval metrics : accuracy: 0.000 ; loss: 1.356
2018-02-22 22:43:28,532:INFO: - Found new best accuracy
2018-02-22 22:43:28,543:INFO: Epoch 5/10
2018-02-22 22:43:36,366:INFO: - Train metrics: accuracy: 0.000 ; loss: 1.592
2018-02-22 22:43:43,004:INFO: - Eval metrics : accuracy: 0.000 ; loss: 1.233
2018-02-22 22:43:43,439:INFO: - Found new best accuracy
2018-02-22 22:43:43,455:INFO: Epoch 6/10
2018-02-22 22:43:51,759:INFO: - Train metrics: accuracy: 0.000 ; loss: 1.403
2018-02-22 22:43:58,401:INFO: - Eval metrics : accuracy: 0.000 ; loss: 1.168
2018-02-22 22:43:58,665:INFO: - Found new best accuracy
2018-02-22 22:43:58,678:INFO: Epoch 7/10
2018-02-22 22:44:06,370:INFO: - Train metrics: accuracy: 0.000 ; loss: 1.211
2018-02-22 22:44:12,655:INFO: - Eval metrics : accuracy: 0.000 ; loss: 1.071
2018-02-22 22:44:12,999:INFO: - Found new best accuracy
2018-02-22 22:44:13,022:INFO: Epoch 8/10
2018-02-22 22:44:20,782:INFO: - Train metrics: accuracy: 0.000 ; loss: 1.189
2018-02-22 22:44:27,186:INFO: - Eval metrics : accuracy: 0.000 ; loss: 0.988
2018-02-22 22:44:27,535:INFO: - Found new best accuracy
2018-02-22 22:44:27,553:INFO: Epoch 9/10
2018-02-22 22:44:35,475:INFO: - Train metrics: accuracy: 0.000 ; loss: 0.978
2018-02-22 22:44:41,645:INFO: - Eval metrics : accuracy: 0.000 ; loss: 0.931
2018-02-22 22:44:41,991:INFO: - Found new best accuracy
2018-02-22 22:44:42,005:INFO: Epoch 10/10
2018-02-22 22:44:49,709:INFO: - Train metrics: accuracy: 0.000 ; loss: 1.002
2018-02-22 22:44:56,039:INFO: - Eval metrics : accuracy: 0.000 ; loss: 0.840
2018-02-22 22:44:56,284:INFO: - Found new best accuracy
2018-02-22 22:52:34,476:INFO: Loading the datasets...
2018-02-22 22:52:34,494:INFO: - done.
2018-02-22 22:54:22,959:INFO: Loading the datasets...
2018-02-22 22:54:22,981:INFO: - done.
2018-02-22 22:59:56,138:INFO: Loading the datasets...
2018-02-22 22:59:56,181:INFO: - done.
2018-02-22 23:00:00,968:INFO: Starting training for 10 epoch(s)
2018-02-22 23:00:00,969:INFO: Epoch 1/10
2018-02-22 23:00:11,220:INFO: - Train metrics: accuracy: 0.125 ; loss: 2.003
2018-02-22 23:00:17,567:INFO: - Eval metrics : accuracy: 0.214 ; loss: 1.826
2018-02-22 23:00:17,908:INFO: - Found new best accuracy
2018-02-22 23:00:17,922:INFO: Epoch 2/10
2018-02-22 23:00:26,286:INFO: - Train metrics: accuracy: 0.438 ; loss: 1.570
2018-02-22 23:00:32,286:INFO: - Eval metrics : accuracy: 0.515 ; loss: 1.435
2018-02-22 23:00:32,686:INFO: - Found new best accuracy
2018-02-22 23:00:32,736:INFO: Epoch 3/10
2018-02-22 23:00:39,361:INFO: - Train metrics: accuracy: 0.656 ; loss: 1.273
2018-02-22 23:00:44,025:INFO: - Eval metrics : accuracy: 0.707 ; loss: 1.178
2018-02-22 23:00:44,265:INFO: - Found new best accuracy
2018-02-22 23:00:44,278:INFO: Epoch 4/10
2018-02-22 23:00:50,099:INFO: - Train metrics: accuracy: 0.688 ; loss: 1.235
2018-02-22 23:00:54,488:INFO: - Eval metrics : accuracy: 0.762 ; loss: 1.119
2018-02-22 23:00:54,687:INFO: - Found new best accuracy
2018-02-22 23:00:54,699:INFO: Epoch 5/10
2018-02-22 23:01:01,023:INFO: - Train metrics: accuracy: 0.719 ; loss: 1.188
2018-02-22 23:01:05,546:INFO: - Eval metrics : accuracy: 0.811 ; loss: 1.052
2018-02-22 23:01:05,744:INFO: - Found new best accuracy
2018-02-22 23:01:05,794:INFO: Epoch 6/10
2018-02-22 23:01:11,771:INFO: - Train metrics: accuracy: 0.656 ; loss: 1.162
2018-02-22 23:01:16,597:INFO: - Eval metrics : accuracy: 0.814 ; loss: 1.004
2018-02-22 23:01:16,829:INFO: - Found new best accuracy
2018-02-22 23:01:16,845:INFO: Epoch 7/10
2018-02-22 23:01:22,807:INFO: - Train metrics: accuracy: 0.656 ; loss: 1.115
2018-02-22 23:01:27,338:INFO: - Eval metrics : accuracy: 0.832 ; loss: 0.976
2018-02-22 23:01:27,586:INFO: - Found new best accuracy
2018-02-22 23:01:27,604:INFO: Epoch 8/10
2018-02-22 23:01:34,912:INFO: - Train metrics: accuracy: 0.750 ; loss: 1.100
2018-02-22 23:01:40,237:INFO: - Eval metrics : accuracy: 0.859 ; loss: 0.923
2018-02-22 23:01:40,510:INFO: - Found new best accuracy
2018-02-22 23:01:40,523:INFO: Epoch 9/10
2018-02-22 23:01:47,104:INFO: - Train metrics: accuracy: 0.812 ; loss: 1.051
2018-02-22 23:01:51,759:INFO: - Eval metrics : accuracy: 0.878 ; loss: 0.890
2018-02-22 23:01:51,940:INFO: - Found new best accuracy
2018-02-22 23:01:51,993:INFO: Epoch 10/10
2018-02-22 23:01:58,064:INFO: - Train metrics: accuracy: 0.781 ; loss: 1.000
2018-02-22 23:02:03,129:INFO: - Eval metrics : accuracy: 0.859 ; loss: 0.877
