2018-02-22 20:18:48,329:INFO: Loading the datasets...
2018-02-22 20:18:48,344:INFO: - done.
2018-02-22 20:18:54,149:INFO: Starting training for 10 epoch(s)
2018-02-22 20:18:54,151:INFO: Epoch 1/10
2018-02-22 20:19:05,853:INFO: - Train metrics: accuracy: 0.000 ; loss: 1.864
2018-02-22 20:19:10,324:INFO: - Eval metrics : accuracy: 0.000 ; loss: 0.483
2018-02-22 20:19:10,536:INFO: - Found new best accuracy
2018-02-22 20:19:10,549:INFO: Epoch 2/10
2018-02-22 20:19:16,032:INFO: - Train metrics: accuracy: 0.000 ; loss: 0.745
2018-02-22 20:19:20,569:INFO: - Eval metrics : accuracy: 0.000 ; loss: 0.333
2018-02-22 20:19:20,800:INFO: - Found new best accuracy
2018-02-22 20:19:20,812:INFO: Epoch 3/10
2018-02-22 20:19:26,457:INFO: - Train metrics: accuracy: 0.000 ; loss: 0.315
2018-02-22 20:19:31,231:INFO: - Eval metrics : accuracy: 0.000 ; loss: 0.114
2018-02-22 20:19:31,423:INFO: - Found new best accuracy
2018-02-22 20:19:31,441:INFO: Epoch 4/10
2018-02-22 20:19:37,826:INFO: - Train metrics: accuracy: 0.000 ; loss: 0.197
2018-02-22 20:19:43,778:INFO: - Eval metrics : accuracy: 0.000 ; loss: 0.069
2018-02-22 20:19:44,068:INFO: - Found new best accuracy
2018-02-22 20:19:44,086:INFO: Epoch 5/10
2018-02-22 20:19:50,761:INFO: - Train metrics: accuracy: 0.000 ; loss: 0.132
2018-02-22 20:19:55,783:INFO: - Eval metrics : accuracy: 0.000 ; loss: 0.035
2018-02-22 20:19:56,058:INFO: - Found new best accuracy
2018-02-22 20:19:56,070:INFO: Epoch 6/10
2018-02-22 20:20:02,564:INFO: - Train metrics: accuracy: 0.000 ; loss: 0.081
2018-02-22 20:20:08,434:INFO: - Eval metrics : accuracy: 0.000 ; loss: 0.014
2018-02-22 20:20:08,705:INFO: - Found new best accuracy
2018-02-22 20:20:08,718:INFO: Epoch 7/10
2018-02-22 20:20:15,079:INFO: - Train metrics: accuracy: 0.000 ; loss: 0.077
2018-02-22 20:20:20,061:INFO: - Eval metrics : accuracy: 0.000 ; loss: 0.012
2018-02-22 20:20:20,340:INFO: - Found new best accuracy
2018-02-22 20:20:20,353:INFO: Epoch 8/10
2018-02-22 20:20:26,871:INFO: - Train metrics: accuracy: 0.000 ; loss: 0.046
2018-02-22 20:20:31,827:INFO: - Eval metrics : accuracy: 0.000 ; loss: 0.005
2018-02-22 20:20:32,116:INFO: - Found new best accuracy
2018-02-22 20:20:32,131:INFO: Epoch 9/10
2018-02-22 20:20:38,699:INFO: - Train metrics: accuracy: 0.000 ; loss: 0.027
2018-02-22 20:20:43,433:INFO: - Eval metrics : accuracy: 0.000 ; loss: 0.004
2018-02-22 20:20:43,628:INFO: - Found new best accuracy
2018-02-22 20:20:43,654:INFO: Epoch 10/10
2018-02-22 20:20:49,488:INFO: - Train metrics: accuracy: 0.000 ; loss: 0.016
2018-02-22 20:20:55,503:INFO: - Eval metrics : accuracy: 0.000 ; loss: 0.001
2018-02-22 20:20:55,735:INFO: - Found new best accuracy
2018-02-22 20:35:38,613:INFO: Loading the datasets...
2018-02-22 20:35:38,623:INFO: - done.
2018-02-22 20:35:43,336:INFO: Starting training for 10 epoch(s)
2018-02-22 20:35:43,337:INFO: Epoch 1/10
2018-02-22 20:35:51,727:INFO: - Train metrics: accuracy: 0.000 ; loss: 1.866
2018-02-22 20:35:56,782:INFO: - Eval metrics : accuracy: 0.000 ; loss: 0.281
2018-02-22 20:35:57,038:INFO: - Found new best accuracy
2018-02-22 20:35:57,050:INFO: Epoch 2/10
2018-02-22 20:36:03,541:INFO: - Train metrics: accuracy: 0.000 ; loss: 0.767
2018-02-22 20:36:08,979:INFO: - Eval metrics : accuracy: 0.000 ; loss: 0.328
2018-02-22 20:36:09,163:INFO: - Found new best accuracy
2018-02-22 20:36:09,176:INFO: Epoch 3/10
2018-02-22 20:36:14,890:INFO: - Train metrics: accuracy: 0.000 ; loss: 0.325
2018-02-22 20:36:19,471:INFO: - Eval metrics : accuracy: 0.000 ; loss: 0.135
2018-02-22 20:36:19,758:INFO: - Found new best accuracy
2018-02-22 20:36:19,774:INFO: Epoch 4/10
2018-02-22 20:36:26,568:INFO: - Train metrics: accuracy: 0.000 ; loss: 0.170
2018-02-22 20:36:32,876:INFO: - Eval metrics : accuracy: 0.000 ; loss: 0.080
2018-02-22 20:36:33,144:INFO: - Found new best accuracy
2018-02-22 20:36:33,164:INFO: Epoch 5/10
2018-02-22 20:36:41,711:INFO: - Train metrics: accuracy: 0.000 ; loss: 0.147
2018-02-22 20:36:47,757:INFO: - Eval metrics : accuracy: 0.000 ; loss: 0.037
2018-02-22 20:36:48,074:INFO: - Found new best accuracy
2018-02-22 20:36:48,085:INFO: Epoch 6/10
2018-02-22 20:36:54,852:INFO: - Train metrics: accuracy: 0.000 ; loss: 0.043
2018-02-22 20:36:59,882:INFO: - Eval metrics : accuracy: 0.000 ; loss: 0.031
2018-02-22 20:37:00,159:INFO: - Found new best accuracy
2018-02-22 20:37:00,171:INFO: Epoch 7/10
2018-02-22 20:37:06,749:INFO: - Train metrics: accuracy: 0.000 ; loss: 0.059
2018-02-22 20:37:12,100:INFO: - Eval metrics : accuracy: 0.000 ; loss: 0.015
2018-02-22 20:37:12,563:INFO: - Found new best accuracy
2018-02-22 20:37:12,585:INFO: Epoch 8/10
2018-02-22 20:37:20,324:INFO: - Train metrics: accuracy: 0.000 ; loss: 0.080
2018-02-22 20:37:26,614:INFO: - Eval metrics : accuracy: 0.000 ; loss: 0.011
2018-02-22 20:37:26,898:INFO: - Found new best accuracy
2018-02-22 20:37:26,910:INFO: Epoch 9/10
2018-02-22 20:37:33,497:INFO: - Train metrics: accuracy: 0.000 ; loss: 0.024
2018-02-22 20:37:39,065:INFO: - Eval metrics : accuracy: 0.000 ; loss: 0.014
2018-02-22 20:37:39,357:INFO: - Found new best accuracy
2018-02-22 20:37:39,388:INFO: Epoch 10/10
2018-02-22 20:37:45,795:INFO: - Train metrics: accuracy: 0.000 ; loss: 0.034
2018-02-22 20:37:52,273:INFO: - Eval metrics : accuracy: 0.000 ; loss: 0.006
2018-02-22 20:37:52,609:INFO: - Found new best accuracy
2018-02-22 21:00:29,289:INFO: Loading the datasets...
2018-02-22 21:00:29,316:INFO: - done.
2018-02-22 21:00:34,920:INFO: Starting training for 10 epoch(s)
2018-02-22 21:00:34,921:INFO: Epoch 1/10
2018-02-22 21:00:43,938:INFO: - Train metrics: accuracy: 0.000 ; loss: 1.890
2018-02-22 21:00:49,426:INFO: - Eval metrics : accuracy: 0.000 ; loss: 0.365
2018-02-22 21:00:49,700:INFO: - Found new best accuracy
2018-02-22 21:00:49,711:INFO: Epoch 2/10
2018-02-22 21:00:56,770:INFO: - Train metrics: accuracy: 0.000 ; loss: 0.679
2018-02-22 21:01:02,026:INFO: - Eval metrics : accuracy: 0.000 ; loss: 0.334
2018-02-22 21:01:02,291:INFO: - Found new best accuracy
2018-02-22 21:01:02,321:INFO: Epoch 3/10
2018-02-22 21:01:09,025:INFO: - Train metrics: accuracy: 0.000 ; loss: 0.378
2018-02-22 21:01:13,618:INFO: - Eval metrics : accuracy: 0.000 ; loss: 0.129
2018-02-22 21:01:13,847:INFO: - Found new best accuracy
2018-02-22 21:01:13,861:INFO: Epoch 4/10
2018-02-22 21:01:19,868:INFO: - Train metrics: accuracy: 0.000 ; loss: 0.204
2018-02-22 21:01:24,648:INFO: - Eval metrics : accuracy: 0.000 ; loss: 0.072
2018-02-22 21:01:24,890:INFO: - Found new best accuracy
2018-02-22 21:01:24,901:INFO: Epoch 5/10
2018-02-22 21:01:31,154:INFO: - Train metrics: accuracy: 0.000 ; loss: 0.136
2018-02-22 21:01:36,373:INFO: - Eval metrics : accuracy: 0.000 ; loss: 0.038
2018-02-22 21:01:36,622:INFO: - Found new best accuracy
2018-02-22 21:01:36,643:INFO: Epoch 6/10
2018-02-22 21:01:43,124:INFO: - Train metrics: accuracy: 0.000 ; loss: 0.050
2018-02-22 21:01:47,854:INFO: - Eval metrics : accuracy: 0.000 ; loss: 0.024
2018-02-22 21:01:48,051:INFO: - Found new best accuracy
2018-02-22 21:01:48,062:INFO: Epoch 7/10
2018-02-22 21:01:54,369:INFO: - Train metrics: accuracy: 0.000 ; loss: 0.079
2018-02-22 21:01:59,188:INFO: - Eval metrics : accuracy: 0.000 ; loss: 0.021
2018-02-22 21:01:59,372:INFO: - Found new best accuracy
2018-02-22 21:01:59,419:INFO: Epoch 8/10
2018-02-22 21:02:05,455:INFO: - Train metrics: accuracy: 0.000 ; loss: 0.031
2018-02-22 21:02:10,301:INFO: - Eval metrics : accuracy: 0.000 ; loss: 0.021
2018-02-22 21:02:10,521:INFO: - Found new best accuracy
2018-02-22 21:02:10,532:INFO: Epoch 9/10
2018-02-22 21:02:16,827:INFO: - Train metrics: accuracy: 0.000 ; loss: 0.044
2018-02-22 21:02:21,794:INFO: - Eval metrics : accuracy: 0.000 ; loss: 0.013
2018-02-22 21:02:22,039:INFO: - Found new best accuracy
2018-02-22 21:02:22,048:INFO: Epoch 10/10
2018-02-22 21:02:28,360:INFO: - Train metrics: accuracy: 0.000 ; loss: 0.029
2018-02-22 21:02:34,212:INFO: - Eval metrics : accuracy: 0.000 ; loss: 0.012
2018-02-22 21:02:34,447:INFO: - Found new best accuracy
2018-02-22 22:55:11,684:INFO: Loading the datasets...
2018-02-22 22:55:11,712:INFO: - done.
2018-02-22 22:55:17,623:INFO: Starting training for 10 epoch(s)
2018-02-22 22:55:17,623:INFO: Epoch 1/10
2018-02-22 22:55:25,700:INFO: - Train metrics: accuracy: 0.125 ; loss: 1.999
2018-02-22 22:55:31,099:INFO: - Eval metrics : accuracy: 0.272 ; loss: 1.988
2018-02-22 22:55:31,437:INFO: - Found new best accuracy
2018-02-22 22:55:31,490:INFO: Epoch 2/10
2018-02-22 22:55:38,277:INFO: - Train metrics: accuracy: 0.438 ; loss: 1.376
2018-02-22 22:55:44,635:INFO: - Eval metrics : accuracy: 0.626 ; loss: 1.200
2018-02-22 22:55:44,963:INFO: - Found new best accuracy
2018-02-22 22:55:45,007:INFO: Epoch 3/10
2018-02-22 22:55:52,382:INFO: - Train metrics: accuracy: 0.719 ; loss: 1.081
2018-02-22 22:55:58,670:INFO: - Eval metrics : accuracy: 0.503 ; loss: 1.220
2018-02-22 22:55:58,846:INFO: Epoch 4/10
2018-02-22 22:56:06,235:INFO: - Train metrics: accuracy: 0.719 ; loss: 1.048
2018-02-22 22:56:12,273:INFO: - Eval metrics : accuracy: 0.882 ; loss: 0.765
2018-02-22 22:56:12,568:INFO: - Found new best accuracy
2018-02-22 22:56:12,582:INFO: Epoch 5/10
2018-02-22 22:56:19,277:INFO: - Train metrics: accuracy: 0.750 ; loss: 0.743
2018-02-22 22:56:25,761:INFO: - Eval metrics : accuracy: 0.878 ; loss: 0.660
2018-02-22 22:56:25,897:INFO: Epoch 6/10
2018-02-22 22:56:32,867:INFO: - Train metrics: accuracy: 0.875 ; loss: 0.551
2018-02-22 22:56:38,569:INFO: - Eval metrics : accuracy: 0.844 ; loss: 0.635
2018-02-22 22:56:38,786:INFO: Epoch 7/10
2018-02-22 22:56:46,175:INFO: - Train metrics: accuracy: 0.906 ; loss: 0.551
2018-02-22 22:56:51,872:INFO: - Eval metrics : accuracy: 0.751 ; loss: 0.697
2018-02-22 22:56:52,187:INFO: Epoch 8/10
2018-02-22 22:56:59,360:INFO: - Train metrics: accuracy: 0.844 ; loss: 0.522
2018-02-22 22:57:05,323:INFO: - Eval metrics : accuracy: 0.884 ; loss: 0.394
2018-02-22 22:57:05,600:INFO: - Found new best accuracy
2018-02-22 22:57:05,611:INFO: Epoch 9/10
2018-02-22 22:57:12,689:INFO: - Train metrics: accuracy: 0.812 ; loss: 0.581
2018-02-22 22:57:18,251:INFO: - Eval metrics : accuracy: 0.821 ; loss: 0.481
2018-02-22 22:57:18,375:INFO: Epoch 10/10
2018-02-22 22:57:24,624:INFO: - Train metrics: accuracy: 1.000 ; loss: 0.398
2018-02-22 22:57:30,081:INFO: - Eval metrics : accuracy: 0.701 ; loss: 0.839
2018-02-23 20:15:28,357:INFO: Loading the datasets...
2018-02-23 20:15:28,372:INFO: - done.
2018-02-23 20:15:35,324:INFO: Starting training for 10 epoch(s)
2018-02-23 20:15:35,325:INFO: Epoch 1/10
2018-02-23 20:15:45,922:INFO: - Train metrics: accuracy: 0.125 ; loss: 1.961
2018-02-23 20:15:51,673:INFO: - Eval metrics : accuracy: 0.165 ; loss: 2.103
2018-02-23 20:15:51,922:INFO: - Found new best accuracy
2018-02-23 20:15:51,935:INFO: Epoch 2/10
2018-02-23 20:15:58,132:INFO: - Train metrics: accuracy: 0.562 ; loss: 1.396
2018-02-23 20:16:02,703:INFO: - Eval metrics : accuracy: 0.329 ; loss: 1.533
2018-02-23 20:16:02,914:INFO: - Found new best accuracy
2018-02-23 20:16:02,936:INFO: Epoch 3/10
2018-02-23 20:16:08,529:INFO: - Train metrics: accuracy: 0.469 ; loss: 1.127
2018-02-23 20:16:12,900:INFO: - Eval metrics : accuracy: 0.795 ; loss: 0.943
2018-02-23 20:16:13,085:INFO: - Found new best accuracy
2018-02-23 20:16:13,098:INFO: Epoch 4/10
2018-02-23 20:16:19,535:INFO: - Train metrics: accuracy: 0.719 ; loss: 0.998
2018-02-23 20:16:25,088:INFO: - Eval metrics : accuracy: 0.826 ; loss: 0.818
2018-02-23 20:16:25,325:INFO: - Found new best accuracy
2018-02-23 20:16:25,339:INFO: Epoch 5/10
2018-02-23 20:16:32,263:INFO: - Train metrics: accuracy: 0.750 ; loss: 0.826
2018-02-23 20:16:37,911:INFO: - Eval metrics : accuracy: 0.762 ; loss: 0.801
2018-02-23 20:16:38,166:INFO: Epoch 6/10
2018-02-23 20:16:45,470:INFO: - Train metrics: accuracy: 0.875 ; loss: 0.562
2018-02-23 20:16:50,828:INFO: - Eval metrics : accuracy: 0.815 ; loss: 0.641
2018-02-23 20:16:50,988:INFO: Epoch 7/10
2018-02-23 20:16:57,336:INFO: - Train metrics: accuracy: 0.906 ; loss: 0.584
2018-02-23 20:17:02,476:INFO: - Eval metrics : accuracy: 0.658 ; loss: 0.990
2018-02-23 20:17:02,749:INFO: Epoch 8/10
2018-02-23 20:17:09,499:INFO: - Train metrics: accuracy: 0.938 ; loss: 0.450
2018-02-23 20:17:15,157:INFO: - Eval metrics : accuracy: 0.763 ; loss: 0.595
2018-02-23 20:17:15,364:INFO: Epoch 9/10
2018-02-23 20:17:22,244:INFO: - Train metrics: accuracy: 0.812 ; loss: 0.609
2018-02-23 20:17:28,647:INFO: - Eval metrics : accuracy: 0.515 ; loss: 1.171
2018-02-23 20:17:28,966:INFO: Epoch 10/10
2018-02-23 20:17:36,216:INFO: - Train metrics: accuracy: 0.906 ; loss: 0.401
2018-02-23 20:17:41,671:INFO: - Eval metrics : accuracy: 0.857 ; loss: 0.480
2018-02-23 20:17:41,924:INFO: - Found new best accuracy
