2018-02-22 20:24:26,561:INFO: Loading the datasets...
2018-02-22 20:24:26,574:INFO: - done.
2018-02-22 20:24:31,136:INFO: Starting training for 10 epoch(s)
2018-02-22 20:24:31,136:INFO: Epoch 1/10
2018-02-22 20:24:38,617:INFO: - Train metrics: accuracy: 0.000 ; loss: 1.905
2018-02-22 20:24:42,871:INFO: - Eval metrics : accuracy: 0.000 ; loss: 0.369
2018-02-22 20:24:43,115:INFO: - Found new best accuracy
2018-02-22 20:24:43,126:INFO: Epoch 2/10
2018-02-22 20:24:49,550:INFO: - Train metrics: accuracy: 0.000 ; loss: 0.795
2018-02-22 20:24:55,563:INFO: - Eval metrics : accuracy: 0.000 ; loss: 0.323
2018-02-22 20:24:55,892:INFO: - Found new best accuracy
2018-02-22 20:24:55,900:INFO: Epoch 3/10
2018-02-22 20:25:02,655:INFO: - Train metrics: accuracy: 0.000 ; loss: 0.360
2018-02-22 20:25:08,807:INFO: - Eval metrics : accuracy: 0.000 ; loss: 0.093
2018-02-22 20:25:09,178:INFO: - Found new best accuracy
2018-02-22 20:25:09,199:INFO: Epoch 4/10
2018-02-22 20:25:16,391:INFO: - Train metrics: accuracy: 0.000 ; loss: 0.193
2018-02-22 20:25:21,598:INFO: - Eval metrics : accuracy: 0.000 ; loss: 0.059
2018-02-22 20:25:21,840:INFO: - Found new best accuracy
2018-02-22 20:25:21,855:INFO: Epoch 5/10
2018-02-22 20:25:29,316:INFO: - Train metrics: accuracy: 0.000 ; loss: 0.109
2018-02-22 20:25:36,716:INFO: - Eval metrics : accuracy: 0.000 ; loss: 0.040
2018-02-22 20:25:36,995:INFO: - Found new best accuracy
2018-02-22 20:25:37,005:INFO: Epoch 6/10
2018-02-22 20:25:43,644:INFO: - Train metrics: accuracy: 0.000 ; loss: 0.070
2018-02-22 20:25:49,442:INFO: - Eval metrics : accuracy: 0.000 ; loss: 0.012
2018-02-22 20:25:49,708:INFO: - Found new best accuracy
2018-02-22 20:25:49,722:INFO: Epoch 7/10
2018-02-22 20:25:56,725:INFO: - Train metrics: accuracy: 0.000 ; loss: 0.065
2018-02-22 20:26:02,124:INFO: - Eval metrics : accuracy: 0.000 ; loss: 0.012
2018-02-22 20:26:02,464:INFO: - Found new best accuracy
2018-02-22 20:26:02,475:INFO: Epoch 8/10
2018-02-22 20:26:08,994:INFO: - Train metrics: accuracy: 0.000 ; loss: 0.034
2018-02-22 20:26:13,921:INFO: - Eval metrics : accuracy: 0.000 ; loss: 0.003
2018-02-22 20:26:14,212:INFO: - Found new best accuracy
2018-02-22 20:26:14,226:INFO: Epoch 9/10
2018-02-22 20:26:21,498:INFO: - Train metrics: accuracy: 0.000 ; loss: 0.016
2018-02-22 20:26:26,810:INFO: - Eval metrics : accuracy: 0.000 ; loss: 0.004
2018-02-22 20:26:27,045:INFO: - Found new best accuracy
2018-02-22 20:26:27,064:INFO: Epoch 10/10
2018-02-22 20:26:33,432:INFO: - Train metrics: accuracy: 0.000 ; loss: 0.044
2018-02-22 20:26:39,077:INFO: - Eval metrics : accuracy: 0.000 ; loss: -0.000
2018-02-22 20:26:39,406:INFO: - Found new best accuracy
2018-02-22 21:06:21,783:INFO: Loading the datasets...
2018-02-22 21:06:21,801:INFO: - done.
2018-02-22 21:06:27,915:INFO: Starting training for 10 epoch(s)
2018-02-22 21:06:27,916:INFO: Epoch 1/10
2018-02-22 21:06:36,872:INFO: - Train metrics: accuracy: 0.000 ; loss: 1.902
2018-02-22 21:06:43,360:INFO: - Eval metrics : accuracy: 0.000 ; loss: 0.431
2018-02-22 21:06:43,725:INFO: - Found new best accuracy
2018-02-22 21:06:43,743:INFO: Epoch 2/10
2018-02-22 21:06:52,746:INFO: - Train metrics: accuracy: 0.000 ; loss: 0.760
2018-02-22 21:06:58,667:INFO: - Eval metrics : accuracy: 0.000 ; loss: 0.307
2018-02-22 21:06:58,931:INFO: - Found new best accuracy
2018-02-22 21:06:58,943:INFO: Epoch 3/10
2018-02-22 21:07:06,175:INFO: - Train metrics: accuracy: 0.000 ; loss: 0.325
2018-02-22 21:07:12,520:INFO: - Eval metrics : accuracy: 0.000 ; loss: 0.141
2018-02-22 21:07:12,796:INFO: - Found new best accuracy
2018-02-22 21:07:12,830:INFO: Epoch 4/10
2018-02-22 21:07:20,997:INFO: - Train metrics: accuracy: 0.000 ; loss: 0.166
2018-02-22 21:07:27,326:INFO: - Eval metrics : accuracy: 0.000 ; loss: 0.083
2018-02-22 21:07:27,646:INFO: - Found new best accuracy
2018-02-22 21:07:27,660:INFO: Epoch 5/10
2018-02-22 21:07:35,032:INFO: - Train metrics: accuracy: 0.000 ; loss: 0.123
2018-02-22 21:07:40,927:INFO: - Eval metrics : accuracy: 0.000 ; loss: 0.065
2018-02-22 21:07:41,250:INFO: - Found new best accuracy
2018-02-22 21:07:41,260:INFO: Epoch 6/10
2018-02-22 21:07:48,328:INFO: - Train metrics: accuracy: 0.000 ; loss: 0.056
2018-02-22 21:07:54,433:INFO: - Eval metrics : accuracy: 0.000 ; loss: 0.022
2018-02-22 21:07:54,760:INFO: - Found new best accuracy
2018-02-22 21:07:54,770:INFO: Epoch 7/10
2018-02-22 21:08:03,225:INFO: - Train metrics: accuracy: 0.000 ; loss: 0.061
2018-02-22 21:08:08,280:INFO: - Eval metrics : accuracy: 0.000 ; loss: 0.029
2018-02-22 21:08:08,454:INFO: - Found new best accuracy
2018-02-22 21:08:08,491:INFO: Epoch 8/10
2018-02-22 21:08:14,564:INFO: - Train metrics: accuracy: 0.000 ; loss: 0.025
2018-02-22 21:08:19,597:INFO: - Eval metrics : accuracy: 0.000 ; loss: 0.016
2018-02-22 21:08:19,814:INFO: - Found new best accuracy
2018-02-22 21:08:19,827:INFO: Epoch 9/10
2018-02-22 21:08:27,014:INFO: - Train metrics: accuracy: 0.000 ; loss: 0.029
2018-02-22 21:08:32,355:INFO: - Eval metrics : accuracy: 0.000 ; loss: 0.015
2018-02-22 21:08:32,640:INFO: - Found new best accuracy
2018-02-22 21:08:32,649:INFO: Epoch 10/10
2018-02-22 21:08:39,444:INFO: - Train metrics: accuracy: 0.000 ; loss: 0.037
2018-02-22 21:08:44,574:INFO: - Eval metrics : accuracy: 0.000 ; loss: 0.012
2018-02-22 21:08:44,840:INFO: - Found new best accuracy
2018-02-22 22:37:03,946:INFO: Loading the datasets...
2018-02-22 22:37:03,957:INFO: - done.
2018-02-22 22:37:09,846:INFO: Starting training for 10 epoch(s)
2018-02-22 22:37:09,847:INFO: Epoch 1/10
2018-02-22 22:37:18,295:INFO: - Train metrics: accuracy: 0.000 ; loss: 1.855
2018-02-22 22:37:23,814:INFO: - Eval metrics : accuracy: 0.000 ; loss: 0.331
2018-02-22 22:37:24,084:INFO: - Found new best accuracy
2018-02-22 22:37:24,097:INFO: Epoch 2/10
2018-02-22 22:37:30,562:INFO: - Train metrics: accuracy: 0.000 ; loss: 0.934
2018-02-22 22:37:35,846:INFO: - Eval metrics : accuracy: 0.000 ; loss: 0.272
2018-02-22 22:37:36,121:INFO: - Found new best accuracy
2018-02-22 22:37:36,135:INFO: Epoch 3/10
2018-02-22 22:37:42,734:INFO: - Train metrics: accuracy: 0.000 ; loss: 0.378
2018-02-22 22:37:47,783:INFO: - Eval metrics : accuracy: 0.000 ; loss: 0.130
2018-02-22 22:37:48,066:INFO: - Found new best accuracy
2018-02-22 22:37:48,075:INFO: Epoch 4/10
2018-02-22 22:37:54,664:INFO: - Train metrics: accuracy: 0.000 ; loss: 0.192
2018-02-22 22:37:59,886:INFO: - Eval metrics : accuracy: 0.000 ; loss: 0.062
2018-02-22 22:38:00,149:INFO: - Found new best accuracy
2018-02-22 22:38:00,161:INFO: Epoch 5/10
2018-02-22 22:38:06,926:INFO: - Train metrics: accuracy: 0.000 ; loss: 0.129
2018-02-22 22:38:12,200:INFO: - Eval metrics : accuracy: 0.000 ; loss: 0.034
2018-02-22 22:38:12,419:INFO: - Found new best accuracy
2018-02-22 22:38:12,436:INFO: Epoch 6/10
2018-02-22 22:38:18,998:INFO: - Train metrics: accuracy: 0.000 ; loss: 0.078
2018-02-22 22:38:24,287:INFO: - Eval metrics : accuracy: 0.000 ; loss: 0.016
2018-02-22 22:38:24,571:INFO: - Found new best accuracy
2018-02-22 22:38:24,583:INFO: Epoch 7/10
2018-02-22 22:38:31,683:INFO: - Train metrics: accuracy: 0.000 ; loss: 0.053
2018-02-22 22:38:36,850:INFO: - Eval metrics : accuracy: 0.000 ; loss: 0.010
2018-02-22 22:38:37,105:INFO: - Found new best accuracy
2018-02-22 22:38:37,117:INFO: Epoch 8/10
2018-02-22 22:38:43,770:INFO: - Train metrics: accuracy: 0.000 ; loss: 0.064
2018-02-22 22:38:49,090:INFO: - Eval metrics : accuracy: 0.000 ; loss: 0.004
2018-02-22 22:38:49,390:INFO: - Found new best accuracy
2018-02-22 22:38:49,415:INFO: Epoch 9/10
2018-02-22 22:38:56,368:INFO: - Train metrics: accuracy: 0.000 ; loss: 0.015
2018-02-22 22:39:01,447:INFO: - Eval metrics : accuracy: 0.000 ; loss: 0.004
2018-02-22 22:39:01,720:INFO: - Found new best accuracy
2018-02-22 22:39:01,735:INFO: Epoch 10/10
2018-02-22 22:39:08,343:INFO: - Train metrics: accuracy: 0.000 ; loss: 0.019
2018-02-22 22:39:13,399:INFO: - Eval metrics : accuracy: 0.000 ; loss: -0.000
2018-02-22 22:39:13,661:INFO: - Found new best accuracy
2018-02-22 22:45:02,891:INFO: Loading the datasets...
2018-02-22 22:45:02,910:INFO: - done.
2018-02-22 22:45:09,700:INFO: Starting training for 10 epoch(s)
2018-02-22 22:45:09,701:INFO: Epoch 1/10
2018-02-22 22:45:20,928:INFO: - Train metrics: accuracy: 0.000 ; loss: 1.875
2018-02-22 22:45:27,986:INFO: - Eval metrics : accuracy: 0.000 ; loss: 0.440
2018-02-22 22:45:28,330:INFO: - Found new best accuracy
2018-02-22 22:45:28,345:INFO: Epoch 2/10
2018-02-22 22:45:36,848:INFO: - Train metrics: accuracy: 0.000 ; loss: 0.789
2018-02-22 22:45:42,477:INFO: - Eval metrics : accuracy: 0.000 ; loss: 0.349
2018-02-22 22:45:42,771:INFO: - Found new best accuracy
2018-02-22 22:45:42,785:INFO: Epoch 3/10
2018-02-22 22:45:49,789:INFO: - Train metrics: accuracy: 0.000 ; loss: 0.331
2018-02-22 22:45:55,410:INFO: - Eval metrics : accuracy: 0.000 ; loss: 0.121
2018-02-22 22:45:55,657:INFO: - Found new best accuracy
2018-02-22 22:45:55,672:INFO: Epoch 4/10
2018-02-22 22:46:02,655:INFO: - Train metrics: accuracy: 0.000 ; loss: 0.201
2018-02-22 22:46:09,122:INFO: - Eval metrics : accuracy: 0.000 ; loss: 0.050
2018-02-22 22:46:09,444:INFO: - Found new best accuracy
2018-02-22 22:46:09,466:INFO: Epoch 5/10
2018-02-22 22:46:18,748:INFO: - Train metrics: accuracy: 0.000 ; loss: 0.098
2018-02-22 22:46:26,409:INFO: - Eval metrics : accuracy: 0.000 ; loss: 0.033
2018-02-22 22:46:26,725:INFO: - Found new best accuracy
2018-02-22 22:46:26,740:INFO: Epoch 6/10
2018-02-22 22:46:34,393:INFO: - Train metrics: accuracy: 0.000 ; loss: 0.056
2018-02-22 22:46:42,407:INFO: - Eval metrics : accuracy: 0.000 ; loss: 0.009
2018-02-22 22:46:42,803:INFO: - Found new best accuracy
2018-02-22 22:46:42,833:INFO: Epoch 7/10
2018-02-22 22:46:50,594:INFO: - Train metrics: accuracy: 0.000 ; loss: 0.061
2018-02-22 22:46:56,267:INFO: - Eval metrics : accuracy: 0.000 ; loss: 0.004
2018-02-22 22:46:56,534:INFO: - Found new best accuracy
2018-02-22 22:46:56,546:INFO: Epoch 8/10
2018-02-22 22:47:04,194:INFO: - Train metrics: accuracy: 0.000 ; loss: 0.055
2018-02-22 22:47:09,996:INFO: - Eval metrics : accuracy: 0.000 ; loss: 0.000
2018-02-22 22:47:10,252:INFO: - Found new best accuracy
2018-02-22 22:47:10,270:INFO: Epoch 9/10
2018-02-22 22:47:17,520:INFO: - Train metrics: accuracy: 0.000 ; loss: 0.019
2018-02-22 22:47:23,172:INFO: - Eval metrics : accuracy: 0.000 ; loss: -0.004
2018-02-22 22:47:23,444:INFO: - Found new best accuracy
2018-02-22 22:47:23,457:INFO: Epoch 10/10
2018-02-22 22:47:30,168:INFO: - Train metrics: accuracy: 0.000 ; loss: 0.031
2018-02-22 22:47:36,979:INFO: - Eval metrics : accuracy: 0.000 ; loss: -0.005
2018-02-22 22:47:37,399:INFO: - Found new best accuracy
2018-02-22 23:02:07,692:INFO: Loading the datasets...
2018-02-22 23:02:07,703:INFO: - done.
2018-02-22 23:02:12,358:INFO: Starting training for 10 epoch(s)
2018-02-22 23:02:12,359:INFO: Epoch 1/10
2018-02-22 23:02:20,334:INFO: - Train metrics: accuracy: 0.250 ; loss: 1.919
2018-02-22 23:02:24,882:INFO: - Eval metrics : accuracy: 0.259 ; loss: 2.120
2018-02-22 23:02:25,086:INFO: - Found new best accuracy
2018-02-22 23:02:25,103:INFO: Epoch 2/10
2018-02-22 23:02:31,116:INFO: - Train metrics: accuracy: 0.438 ; loss: 1.391
2018-02-22 23:02:35,934:INFO: - Eval metrics : accuracy: 0.363 ; loss: 1.508
2018-02-22 23:02:36,124:INFO: - Found new best accuracy
2018-02-22 23:02:36,162:INFO: Epoch 3/10
2018-02-22 23:02:42,054:INFO: - Train metrics: accuracy: 0.812 ; loss: 0.988
2018-02-22 23:02:46,751:INFO: - Eval metrics : accuracy: 0.601 ; loss: 1.138
2018-02-22 23:02:47,001:INFO: - Found new best accuracy
2018-02-22 23:02:47,014:INFO: Epoch 4/10
2018-02-22 23:02:53,093:INFO: - Train metrics: accuracy: 0.812 ; loss: 0.942
2018-02-22 23:02:58,401:INFO: - Eval metrics : accuracy: 0.860 ; loss: 0.703
2018-02-22 23:02:58,623:INFO: - Found new best accuracy
2018-02-22 23:02:58,634:INFO: Epoch 5/10
2018-02-22 23:03:05,061:INFO: - Train metrics: accuracy: 0.781 ; loss: 0.776
2018-02-22 23:03:09,600:INFO: - Eval metrics : accuracy: 0.786 ; loss: 0.695
2018-02-22 23:03:09,747:INFO: Epoch 6/10
2018-02-22 23:03:15,626:INFO: - Train metrics: accuracy: 0.812 ; loss: 0.578
2018-02-22 23:03:20,383:INFO: - Eval metrics : accuracy: 0.488 ; loss: 1.118
2018-02-22 23:03:20,536:INFO: Epoch 7/10
2018-02-22 23:03:26,423:INFO: - Train metrics: accuracy: 0.781 ; loss: 0.582
2018-02-22 23:03:30,977:INFO: - Eval metrics : accuracy: 0.906 ; loss: 0.494
2018-02-22 23:03:31,223:INFO: - Found new best accuracy
2018-02-22 23:03:31,235:INFO: Epoch 8/10
2018-02-22 23:03:37,212:INFO: - Train metrics: accuracy: 0.844 ; loss: 0.427
2018-02-22 23:03:41,875:INFO: - Eval metrics : accuracy: 0.763 ; loss: 0.680
2018-02-22 23:03:42,039:INFO: Epoch 9/10
2018-02-22 23:03:48,152:INFO: - Train metrics: accuracy: 0.812 ; loss: 0.560
2018-02-22 23:03:53,007:INFO: - Eval metrics : accuracy: 0.823 ; loss: 0.469
2018-02-22 23:03:53,109:INFO: Epoch 10/10
2018-02-22 23:03:59,531:INFO: - Train metrics: accuracy: 0.812 ; loss: 0.520
2018-02-22 23:04:04,125:INFO: - Eval metrics : accuracy: 0.902 ; loss: 0.407
